[DEBUG] 2022-11-22 12:00:54.013 [main] CustomerService - Customer{customerId=0, customerName='valid', balance=10.4} the information prior was sent ot the service
[DEBUG] 2022-11-22 12:01:39.330 [main] CustomerService - Customer{customerId=0, customerName='valid', balance=10.4} the information prior was sent ot the service
[INFO ] 2022-11-22 12:05:19.081 [JettyServerThreadPool-45] CustomerController - Jackson converted JSON to Java object with following info Customer{customerId=0, customerName='AndrewBN', balance=50.45}
[DEBUG] 2022-11-22 12:05:19.088 [JettyServerThreadPool-45] CustomerService - Customer{customerId=0, customerName='AndrewBN', balance=50.45} the information prior was sent ot the service
[INFO ] 2022-11-22 12:05:19.260 [JettyServerThreadPool-45] CustomerDAO - New customer with info Customer{customerId=0, customerName='AndrewBN', balance=50.45} was persisted to the database
[INFO ] 2022-12-05 15:40:38.772 [JettyServerThreadPool-45] CustomerController - Jackson converted JSON to Java object with following info Customer{customerId=0, customerName='AndrewBN', balance=50.45}
[DEBUG] 2022-12-05 15:40:38.778 [JettyServerThreadPool-45] CustomerService - Customer{customerId=0, customerName='AndrewBN', balance=50.45} the information prior was sent ot the service
[INFO ] 2022-12-06 01:03:13.826 [JettyServerThreadPool-42] CustomerController - Customer{customerId=3, customerName='charlie', balance=0.0, tier=BRONZE} attempted to hit the getAllCustomersHandler
[INFO ] 2022-12-06 01:04:24.168 [JettyServerThreadPool-26] CustomerController - Customer{customerId=3, customerName='charlie', balance=0.0, tier=PLATNIUM} attempted to hit the getAllCustomersHandler
[INFO ] 2022-12-06 03:03:50.279 [JettyServerThreadPool-49] CustomerController - Customer{customerId=3, customerName='charlie', balance=0.0, tier=PLATNIUM} attempted to hit the getAllCustomersHandler
[INFO ] 2022-12-06 15:04:06.597 [JettyServerThreadPool-44] CustomerController - Customer{customerId=6, customerName='AndrewBN', balance=0.0, tier=BRONZE} attempted to hit the getAllCustomersHandler
[INFO ] 2022-12-06 15:04:42.131 [JettyServerThreadPool-44] CustomerController - Customer{customerId=3, customerName='charlie', balance=0.0, tier=PLATNIUM} attempted to hit the getAllCustomersHandler
[INFO ] 2022-12-06 16:43:49.089 [JettyServerThreadPool-48] CustomerController - Customer{customerId=6, customerName='AndrewBN', balance=0.0, tier=BRONZE} attempted to hit the getAllCustomersHandler
[INFO ] 2022-12-06 16:45:19.360 [JettyServerThreadPool-30] CustomerController - Customer{customerId=3, customerName='charlie', balance=0.0, tier=PLATNIUM} attempted to hit the getAllCustomersHandler
[INFO ] 2022-12-06 16:46:47.832 [JettyServerThreadPool-49] CustomerController - Customer{customerId=3, customerName='charlie', balance=0.0, tier=PLATNIUM} attempted to hit the getAllCustomersHandler
[INFO ] 2022-12-06 16:48:48.158 [JettyServerThreadPool-35] CustomerController - Customer{customerId=3, customerName='charlie', balance=0.0, tier=PLATNIUM} attempted to hit the getAllCustomersHandler
[INFO ] 2022-12-06 16:49:00.790 [JettyServerThreadPool-51] CustomerController - Customer{customerId=3, customerName='charlie', balance=0.0, tier=PLATNIUM} attempted to hit the getAllCustomersHandler
[INFO ] 2022-12-06 16:49:36.456 [JettyServerThreadPool-50] CustomerController - Customer{customerId=3, customerName='charlie', balance=0.0, tier=PLATNIUM} attempted to hit the getAllCustomersHandler
[INFO ] 2022-12-07 10:46:44.273 [JettyServerThreadPool-43] CustomerController - Customer{customerId=3, customerName='charlie', balance=0.0, tier=PLATNIUM} attempted to hit the getAllCustomersHandler
[INFO ] 2022-12-07 10:48:56.499 [JettyServerThreadPool-45] CustomerController - Customer{customerId=3, customerName='charlie', balance=0.0, tier=PLATNIUM} attempted to hit the getAllCustomersHandler
[INFO ] 2022-12-07 10:51:29.478 [JettyServerThreadPool-46] CustomerController - Customer{customerId=3, customerName='charlie', balance=0.0, tier=PLATNIUM} attempted to hit the getAllCustomersHandler
[INFO ] 2022-12-07 10:56:05.842 [JettyServerThreadPool-48] CustomerController - Customer{customerId=3, customerName='charlie', balance=0.0, tier=PLATNIUM} attempted to hit the getAllCustomersHandler
[INFO ] 2022-12-07 10:56:37.225 [JettyServerThreadPool-62] CustomerController - Customer{customerId=3, customerName='charlie', balance=0.0, tier=PLATNIUM} attempted to hit the getAllCustomersHandler
[INFO ] 2022-12-07 10:57:51.408 [JettyServerThreadPool-30] CustomerController - Customer{customerId=3, customerName='charlie', balance=0.0, tier=PLATNIUM} attempted to hit the getAllCustomersHandler
[INFO ] 2022-12-07 10:58:59.366 [JettyServerThreadPool-49] CustomerController - Customer{customerId=3, customerName='charlie', balance=0.0, tier=PLATNIUM} attempted to hit the getAllCustomersHandler
[INFO ] 2022-12-07 10:59:21.008 [JettyServerThreadPool-49] CustomerController - Customer{customerId=3, customerName='charlie', balance=0.0, tier=PLATNIUM} attempted to hit the getAllCustomersHandler
[INFO ] 2022-12-07 11:00:18.076 [JettyServerThreadPool-51] CustomerController - Customer{customerId=3, customerName='charlie', balance=0.0, tier=PLATNIUM} attempted to hit the getAllCustomersHandler
[INFO ] 2022-12-07 11:00:37.482 [JettyServerThreadPool-51] CustomerController - Customer{customerId=3, customerName='charlie', balance=0.0, tier=PLATNIUM} attempted to hit the getAllCustomersHandler
[INFO ] 2022-12-07 11:01:51.817 [JettyServerThreadPool-50] CustomerController - Customer{customerId=3, customerName='charlie', balance=0.0, tier=PLATNIUM} attempted to hit the getAllCustomersHandler
[INFO ] 2022-12-07 11:02:19.798 [JettyServerThreadPool-50] CustomerController - Customer{customerId=3, customerName='charlie', balance=0.0, tier=PLATNIUM} attempted to hit the getAllCustomersHandler
[INFO ] 2022-12-07 11:04:03.439 [JettyServerThreadPool-41] CustomerController - Customer{customerId=3, customerName='charlie', balance=0.0, tier=PLATNIUM} attempted to hit the getAllCustomersHandler
[INFO ] 2022-12-07 11:04:28.209 [JettyServerThreadPool-41] CustomerController - Customer{customerId=3, customerName='charlie', balance=0.0, tier=PLATNIUM} attempted to hit the getAllCustomersHandler
[INFO ] 2022-12-07 11:05:12.233 [JettyServerThreadPool-53] CustomerController - Customer{customerId=3, customerName='charlie', balance=0.0, tier=PLATNIUM} attempted to hit the getAllCustomersHandler
[INFO ] 2022-12-07 11:05:15.199 [JettyServerThreadPool-43] CustomerController - Customer{customerId=3, customerName='charlie', balance=0.0, tier=PLATNIUM} attempted to hit the getAllCustomersHandler
[INFO ] 2022-12-07 11:05:15.238 [JettyServerThreadPool-53] CustomerController - Customer{customerId=3, customerName='charlie', balance=0.0, tier=PLATNIUM} attempted to hit the getAllCustomersHandler
[INFO ] 2022-12-07 11:05:18.187 [JettyServerThreadPool-53] CustomerController - Customer{customerId=3, customerName='charlie', balance=0.0, tier=PLATNIUM} attempted to hit the getAllCustomersHandler
[INFO ] 2022-12-07 11:05:18.231 [JettyServerThreadPool-43] CustomerController - Customer{customerId=3, customerName='charlie', balance=0.0, tier=PLATNIUM} attempted to hit the getAllCustomersHandler
[INFO ] 2022-12-07 11:05:21.186 [JettyServerThreadPool-53] CustomerController - Customer{customerId=3, customerName='charlie', balance=0.0, tier=PLATNIUM} attempted to hit the getAllCustomersHandler
[INFO ] 2022-12-07 11:05:21.221 [JettyServerThreadPool-43] CustomerController - Customer{customerId=3, customerName='charlie', balance=0.0, tier=PLATNIUM} attempted to hit the getAllCustomersHandler
[INFO ] 2022-12-07 11:05:24.196 [JettyServerThreadPool-43] CustomerController - Customer{customerId=3, customerName='charlie', balance=0.0, tier=PLATNIUM} attempted to hit the getAllCustomersHandler
[INFO ] 2022-12-07 11:05:24.351 [JettyServerThreadPool-53] CustomerController - Customer{customerId=3, customerName='charlie', balance=0.0, tier=PLATNIUM} attempted to hit the getAllCustomersHandler
[INFO ] 2022-12-07 11:05:27.184 [JettyServerThreadPool-43] CustomerController - Customer{customerId=3, customerName='charlie', balance=0.0, tier=PLATNIUM} attempted to hit the getAllCustomersHandler
[INFO ] 2022-12-07 11:05:27.225 [JettyServerThreadPool-53] CustomerController - Customer{customerId=3, customerName='charlie', balance=0.0, tier=PLATNIUM} attempted to hit the getAllCustomersHandler
[INFO ] 2022-12-07 11:05:30.220 [JettyServerThreadPool-53] CustomerController - Customer{customerId=3, customerName='charlie', balance=0.0, tier=PLATNIUM} attempted to hit the getAllCustomersHandler
[INFO ] 2022-12-07 11:05:30.256 [JettyServerThreadPool-43] CustomerController - Customer{customerId=3, customerName='charlie', balance=0.0, tier=PLATNIUM} attempted to hit the getAllCustomersHandler
[INFO ] 2022-12-07 11:05:33.188 [JettyServerThreadPool-53] CustomerController - Customer{customerId=3, customerName='charlie', balance=0.0, tier=PLATNIUM} attempted to hit the getAllCustomersHandler
[INFO ] 2022-12-07 11:05:33.231 [JettyServerThreadPool-43] CustomerController - Customer{customerId=3, customerName='charlie', balance=0.0, tier=PLATNIUM} attempted to hit the getAllCustomersHandler
[INFO ] 2022-12-07 11:05:36.188 [JettyServerThreadPool-43] CustomerController - Customer{customerId=3, customerName='charlie', balance=0.0, tier=PLATNIUM} attempted to hit the getAllCustomersHandler
[INFO ] 2022-12-07 11:05:36.221 [JettyServerThreadPool-53] CustomerController - Customer{customerId=3, customerName='charlie', balance=0.0, tier=PLATNIUM} attempted to hit the getAllCustomersHandler
[INFO ] 2022-12-07 11:05:39.194 [JettyServerThreadPool-43] CustomerController - Customer{customerId=3, customerName='charlie', balance=0.0, tier=PLATNIUM} attempted to hit the getAllCustomersHandler
[INFO ] 2022-12-07 11:05:39.234 [JettyServerThreadPool-53] CustomerController - Customer{customerId=3, customerName='charlie', balance=0.0, tier=PLATNIUM} attempted to hit the getAllCustomersHandler
[INFO ] 2022-12-07 11:05:42.195 [JettyServerThreadPool-53] CustomerController - Customer{customerId=3, customerName='charlie', balance=0.0, tier=PLATNIUM} attempted to hit the getAllCustomersHandler
[INFO ] 2022-12-07 11:05:42.229 [JettyServerThreadPool-43] CustomerController - Customer{customerId=3, customerName='charlie', balance=0.0, tier=PLATNIUM} attempted to hit the getAllCustomersHandler
[INFO ] 2022-12-07 11:05:45.182 [JettyServerThreadPool-53] CustomerController - Customer{customerId=3, customerName='charlie', balance=0.0, tier=PLATNIUM} attempted to hit the getAllCustomersHandler
[INFO ] 2022-12-07 11:05:45.219 [JettyServerThreadPool-43] CustomerController - Customer{customerId=3, customerName='charlie', balance=0.0, tier=PLATNIUM} attempted to hit the getAllCustomersHandler
[INFO ] 2022-12-07 11:05:48.201 [JettyServerThreadPool-43] CustomerController - Customer{customerId=3, customerName='charlie', balance=0.0, tier=PLATNIUM} attempted to hit the getAllCustomersHandler
[INFO ] 2022-12-07 11:05:48.240 [JettyServerThreadPool-53] CustomerController - Customer{customerId=3, customerName='charlie', balance=0.0, tier=PLATNIUM} attempted to hit the getAllCustomersHandler
[INFO ] 2022-12-07 11:05:51.193 [JettyServerThreadPool-43] CustomerController - Customer{customerId=3, customerName='charlie', balance=0.0, tier=PLATNIUM} attempted to hit the getAllCustomersHandler
[INFO ] 2022-12-07 11:05:51.234 [JettyServerThreadPool-53] CustomerController - Customer{customerId=3, customerName='charlie', balance=0.0, tier=PLATNIUM} attempted to hit the getAllCustomersHandler
[INFO ] 2022-12-07 11:05:54.189 [JettyServerThreadPool-53] CustomerController - Customer{customerId=3, customerName='charlie', balance=0.0, tier=PLATNIUM} attempted to hit the getAllCustomersHandler
[INFO ] 2022-12-07 11:05:54.225 [JettyServerThreadPool-43] CustomerController - Customer{customerId=3, customerName='charlie', balance=0.0, tier=PLATNIUM} attempted to hit the getAllCustomersHandler
[INFO ] 2022-12-07 11:05:57.187 [JettyServerThreadPool-53] CustomerController - Customer{customerId=3, customerName='charlie', balance=0.0, tier=PLATNIUM} attempted to hit the getAllCustomersHandler
[INFO ] 2022-12-07 11:05:57.223 [JettyServerThreadPool-43] CustomerController - Customer{customerId=3, customerName='charlie', balance=0.0, tier=PLATNIUM} attempted to hit the getAllCustomersHandler
[INFO ] 2022-12-07 11:05:59.007 [JettyServerThreadPool-46] CustomerController - Jackson converted JSON to Java object with following info Customer{customerId=0, customerName='Robert', balance=50.45, tier=PLATNIUM}
[DEBUG] 2022-12-07 11:05:59.008 [JettyServerThreadPool-46] CustomerService - Customer{customerId=0, customerName='Robert', balance=50.45, tier=PLATNIUM} the information prior was sent ot the service
[INFO ] 2022-12-07 11:06:00.192 [JettyServerThreadPool-46] CustomerController - Customer{customerId=3, customerName='charlie', balance=0.0, tier=PLATNIUM} attempted to hit the getAllCustomersHandler
[INFO ] 2022-12-07 11:06:00.232 [JettyServerThreadPool-53] CustomerController - Customer{customerId=3, customerName='charlie', balance=0.0, tier=PLATNIUM} attempted to hit the getAllCustomersHandler
[INFO ] 2022-12-07 11:06:03.191 [JettyServerThreadPool-46] CustomerController - Customer{customerId=3, customerName='charlie', balance=0.0, tier=PLATNIUM} attempted to hit the getAllCustomersHandler
[INFO ] 2022-12-07 11:06:03.226 [JettyServerThreadPool-53] CustomerController - Customer{customerId=3, customerName='charlie', balance=0.0, tier=PLATNIUM} attempted to hit the getAllCustomersHandler
[INFO ] 2022-12-07 11:06:06.191 [JettyServerThreadPool-53] CustomerController - Customer{customerId=3, customerName='charlie', balance=0.0, tier=PLATNIUM} attempted to hit the getAllCustomersHandler
[INFO ] 2022-12-07 11:06:06.227 [JettyServerThreadPool-46] CustomerController - Customer{customerId=3, customerName='charlie', balance=0.0, tier=PLATNIUM} attempted to hit the getAllCustomersHandler
[INFO ] 2022-12-07 11:06:09.191 [JettyServerThreadPool-53] CustomerController - Customer{customerId=3, customerName='charlie', balance=0.0, tier=PLATNIUM} attempted to hit the getAllCustomersHandler
[INFO ] 2022-12-07 11:06:09.234 [JettyServerThreadPool-46] CustomerController - Customer{customerId=3, customerName='charlie', balance=0.0, tier=PLATNIUM} attempted to hit the getAllCustomersHandler
[INFO ] 2022-12-07 11:06:12.197 [JettyServerThreadPool-46] CustomerController - Customer{customerId=3, customerName='charlie', balance=0.0, tier=PLATNIUM} attempted to hit the getAllCustomersHandler
[INFO ] 2022-12-07 11:06:12.233 [JettyServerThreadPool-53] CustomerController - Customer{customerId=3, customerName='charlie', balance=0.0, tier=PLATNIUM} attempted to hit the getAllCustomersHandler
[INFO ] 2022-12-07 11:06:15.187 [JettyServerThreadPool-46] CustomerController - Customer{customerId=3, customerName='charlie', balance=0.0, tier=PLATNIUM} attempted to hit the getAllCustomersHandler
[INFO ] 2022-12-07 11:06:15.222 [JettyServerThreadPool-53] CustomerController - Customer{customerId=3, customerName='charlie', balance=0.0, tier=PLATNIUM} attempted to hit the getAllCustomersHandler
[INFO ] 2022-12-07 11:06:18.194 [JettyServerThreadPool-53] CustomerController - Customer{customerId=3, customerName='charlie', balance=0.0, tier=PLATNIUM} attempted to hit the getAllCustomersHandler
[INFO ] 2022-12-07 11:06:18.230 [JettyServerThreadPool-46] CustomerController - Customer{customerId=3, customerName='charlie', balance=0.0, tier=PLATNIUM} attempted to hit the getAllCustomersHandler
[INFO ] 2022-12-07 11:06:21.196 [JettyServerThreadPool-53] CustomerController - Customer{customerId=3, customerName='charlie', balance=0.0, tier=PLATNIUM} attempted to hit the getAllCustomersHandler
[INFO ] 2022-12-07 11:06:21.344 [JettyServerThreadPool-46] CustomerController - Customer{customerId=3, customerName='charlie', balance=0.0, tier=PLATNIUM} attempted to hit the getAllCustomersHandler
[INFO ] 2022-12-07 11:06:24.325 [JettyServerThreadPool-46] CustomerController - Customer{customerId=3, customerName='charlie', balance=0.0, tier=PLATNIUM} attempted to hit the getAllCustomersHandler
[INFO ] 2022-12-07 11:06:24.359 [JettyServerThreadPool-48] CustomerController - Customer{customerId=3, customerName='charlie', balance=0.0, tier=PLATNIUM} attempted to hit the getAllCustomersHandler
[INFO ] 2022-12-07 11:06:27.332 [JettyServerThreadPool-46] CustomerController - Customer{customerId=3, customerName='charlie', balance=0.0, tier=PLATNIUM} attempted to hit the getAllCustomersHandler
[INFO ] 2022-12-07 11:06:27.481 [JettyServerThreadPool-48] CustomerController - Customer{customerId=3, customerName='charlie', balance=0.0, tier=PLATNIUM} attempted to hit the getAllCustomersHandler
[INFO ] 2022-12-07 11:06:30.322 [JettyServerThreadPool-53] CustomerController - Customer{customerId=3, customerName='charlie', balance=0.0, tier=PLATNIUM} attempted to hit the getAllCustomersHandler
[INFO ] 2022-12-07 11:06:30.355 [JettyServerThreadPool-45] CustomerController - Customer{customerId=3, customerName='charlie', balance=0.0, tier=PLATNIUM} attempted to hit the getAllCustomersHandler
[INFO ] 2022-12-07 11:06:33.320 [JettyServerThreadPool-53] CustomerController - Customer{customerId=3, customerName='charlie', balance=0.0, tier=PLATNIUM} attempted to hit the getAllCustomersHandler
[INFO ] 2022-12-07 11:06:33.356 [JettyServerThreadPool-45] CustomerController - Customer{customerId=3, customerName='charlie', balance=0.0, tier=PLATNIUM} attempted to hit the getAllCustomersHandler
[INFO ] 2022-12-07 11:06:36.335 [JettyServerThreadPool-46] CustomerController - Customer{customerId=3, customerName='charlie', balance=0.0, tier=PLATNIUM} attempted to hit the getAllCustomersHandler
[INFO ] 2022-12-07 11:06:36.369 [JettyServerThreadPool-53] CustomerController - Customer{customerId=3, customerName='charlie', balance=0.0, tier=PLATNIUM} attempted to hit the getAllCustomersHandler
[INFO ] 2022-12-07 11:06:39.329 [JettyServerThreadPool-46] CustomerController - Customer{customerId=3, customerName='charlie', balance=0.0, tier=PLATNIUM} attempted to hit the getAllCustomersHandler
[INFO ] 2022-12-07 11:06:39.364 [JettyServerThreadPool-53] CustomerController - Customer{customerId=3, customerName='charlie', balance=0.0, tier=PLATNIUM} attempted to hit the getAllCustomersHandler
[INFO ] 2022-12-07 11:06:42.332 [JettyServerThreadPool-67] CustomerController - Customer{customerId=3, customerName='charlie', balance=0.0, tier=PLATNIUM} attempted to hit the getAllCustomersHandler
[INFO ] 2022-12-07 11:06:42.368 [JettyServerThreadPool-45] CustomerController - Customer{customerId=3, customerName='charlie', balance=0.0, tier=PLATNIUM} attempted to hit the getAllCustomersHandler
[INFO ] 2022-12-07 11:06:45.326 [JettyServerThreadPool-67] CustomerController - Customer{customerId=3, customerName='charlie', balance=0.0, tier=PLATNIUM} attempted to hit the getAllCustomersHandler
[INFO ] 2022-12-07 11:06:45.369 [JettyServerThreadPool-45] CustomerController - Customer{customerId=3, customerName='charlie', balance=0.0, tier=PLATNIUM} attempted to hit the getAllCustomersHandler
[INFO ] 2022-12-07 11:06:48.331 [JettyServerThreadPool-46] CustomerController - Customer{customerId=3, customerName='charlie', balance=0.0, tier=PLATNIUM} attempted to hit the getAllCustomersHandler
[INFO ] 2022-12-07 11:06:48.374 [JettyServerThreadPool-53] CustomerController - Customer{customerId=3, customerName='charlie', balance=0.0, tier=PLATNIUM} attempted to hit the getAllCustomersHandler
[INFO ] 2022-12-07 11:06:51.332 [JettyServerThreadPool-46] CustomerController - Customer{customerId=3, customerName='charlie', balance=0.0, tier=PLATNIUM} attempted to hit the getAllCustomersHandler
[INFO ] 2022-12-07 11:06:51.371 [JettyServerThreadPool-53] CustomerController - Customer{customerId=3, customerName='charlie', balance=0.0, tier=PLATNIUM} attempted to hit the getAllCustomersHandler
[INFO ] 2022-12-07 11:06:54.322 [JettyServerThreadPool-67] CustomerController - Customer{customerId=3, customerName='charlie', balance=0.0, tier=PLATNIUM} attempted to hit the getAllCustomersHandler
[INFO ] 2022-12-07 11:06:54.358 [JettyServerThreadPool-45] CustomerController - Customer{customerId=3, customerName='charlie', balance=0.0, tier=PLATNIUM} attempted to hit the getAllCustomersHandler
[INFO ] 2022-12-07 11:06:57.332 [JettyServerThreadPool-67] CustomerController - Customer{customerId=3, customerName='charlie', balance=0.0, tier=PLATNIUM} attempted to hit the getAllCustomersHandler
[INFO ] 2022-12-07 11:06:57.368 [JettyServerThreadPool-45] CustomerController - Customer{customerId=3, customerName='charlie', balance=0.0, tier=PLATNIUM} attempted to hit the getAllCustomersHandler
[INFO ] 2022-12-07 11:07:06.382 [JettyServerThreadPool-40] CustomerController - Customer{customerId=3, customerName='charlie', balance=0.0, tier=PLATNIUM} attempted to hit the getAllCustomersHandler
[INFO ] 2022-12-07 11:07:06.573 [JettyServerThreadPool-39] CustomerController - Customer{customerId=3, customerName='charlie', balance=0.0, tier=PLATNIUM} attempted to hit the getAllCustomersHandler
[INFO ] 2022-12-07 11:07:09.189 [JettyServerThreadPool-40] CustomerController - Customer{customerId=3, customerName='charlie', balance=0.0, tier=PLATNIUM} attempted to hit the getAllCustomersHandler
[INFO ] 2022-12-07 11:07:09.235 [JettyServerThreadPool-39] CustomerController - Customer{customerId=3, customerName='charlie', balance=0.0, tier=PLATNIUM} attempted to hit the getAllCustomersHandler
[INFO ] 2022-12-07 11:07:12.190 [JettyServerThreadPool-39] CustomerController - Customer{customerId=3, customerName='charlie', balance=0.0, tier=PLATNIUM} attempted to hit the getAllCustomersHandler
[INFO ] 2022-12-07 11:07:12.229 [JettyServerThreadPool-40] CustomerController - Customer{customerId=3, customerName='charlie', balance=0.0, tier=PLATNIUM} attempted to hit the getAllCustomersHandler
[INFO ] 2022-12-07 11:07:13.898 [JettyServerThreadPool-29] CustomerController - Jackson converted JSON to Java object with following info Customer{customerId=0, customerName='Robert', balance=50.45, tier=PLATNIUM}
[DEBUG] 2022-12-07 11:07:13.898 [JettyServerThreadPool-29] CustomerService - Customer{customerId=0, customerName='Robert', balance=50.45, tier=PLATNIUM} the information prior was sent ot the service
[INFO ] 2022-12-07 11:07:15.184 [JettyServerThreadPool-39] CustomerController - Customer{customerId=3, customerName='charlie', balance=0.0, tier=PLATNIUM} attempted to hit the getAllCustomersHandler
[INFO ] 2022-12-07 11:07:15.224 [JettyServerThreadPool-43] CustomerController - Customer{customerId=3, customerName='charlie', balance=0.0, tier=PLATNIUM} attempted to hit the getAllCustomersHandler
[INFO ] 2022-12-07 11:07:18.188 [JettyServerThreadPool-43] CustomerController - Customer{customerId=3, customerName='charlie', balance=0.0, tier=PLATNIUM} attempted to hit the getAllCustomersHandler
[INFO ] 2022-12-07 11:07:18.228 [JettyServerThreadPool-39] CustomerController - Customer{customerId=3, customerName='charlie', balance=0.0, tier=PLATNIUM} attempted to hit the getAllCustomersHandler
[INFO ] 2022-12-07 11:07:21.190 [JettyServerThreadPool-43] CustomerController - Customer{customerId=3, customerName='charlie', balance=0.0, tier=PLATNIUM} attempted to hit the getAllCustomersHandler
[INFO ] 2022-12-07 11:07:21.225 [JettyServerThreadPool-39] CustomerController - Customer{customerId=3, customerName='charlie', balance=0.0, tier=PLATNIUM} attempted to hit the getAllCustomersHandler
[INFO ] 2022-12-07 11:07:24.327 [JettyServerThreadPool-39] CustomerController - Customer{customerId=3, customerName='charlie', balance=0.0, tier=PLATNIUM} attempted to hit the getAllCustomersHandler
[INFO ] 2022-12-07 11:07:24.370 [JettyServerThreadPool-43] CustomerController - Customer{customerId=3, customerName='charlie', balance=0.0, tier=PLATNIUM} attempted to hit the getAllCustomersHandler
[INFO ] 2022-12-07 11:07:27.322 [JettyServerThreadPool-39] CustomerController - Customer{customerId=3, customerName='charlie', balance=0.0, tier=PLATNIUM} attempted to hit the getAllCustomersHandler
[INFO ] 2022-12-07 11:07:27.358 [JettyServerThreadPool-43] CustomerController - Customer{customerId=3, customerName='charlie', balance=0.0, tier=PLATNIUM} attempted to hit the getAllCustomersHandler
[INFO ] 2022-12-07 11:07:30.186 [JettyServerThreadPool-43] CustomerController - Customer{customerId=3, customerName='charlie', balance=0.0, tier=PLATNIUM} attempted to hit the getAllCustomersHandler
[INFO ] 2022-12-07 11:07:30.226 [JettyServerThreadPool-39] CustomerController - Customer{customerId=3, customerName='charlie', balance=0.0, tier=PLATNIUM} attempted to hit the getAllCustomersHandler
[INFO ] 2022-12-07 11:07:33.192 [JettyServerThreadPool-43] CustomerController - Customer{customerId=3, customerName='charlie', balance=0.0, tier=PLATNIUM} attempted to hit the getAllCustomersHandler
[INFO ] 2022-12-07 11:07:33.231 [JettyServerThreadPool-39] CustomerController - Customer{customerId=3, customerName='charlie', balance=0.0, tier=PLATNIUM} attempted to hit the getAllCustomersHandler
[INFO ] 2022-12-07 11:07:33.287 [JettyServerThreadPool-41] CustomerController - Jackson converted JSON to Java object with following info Customer{customerId=0, customerName='Robert', balance=50.45, tier=PLATNIUM}
[DEBUG] 2022-12-07 11:07:33.288 [JettyServerThreadPool-41] CustomerService - Customer{customerId=0, customerName='Robert', balance=50.45, tier=PLATNIUM} the information prior was sent ot the service
[INFO ] 2022-12-07 11:07:33.442 [JettyServerThreadPool-41] CustomerDAO - New customer with info Customer{customerId=0, customerName='Robert', balance=50.45, tier=PLATNIUM} was persisted to the database
[INFO ] 2022-12-07 11:07:36.192 [JettyServerThreadPool-30] CustomerController - Customer{customerId=3, customerName='charlie', balance=0.0, tier=PLATNIUM} attempted to hit the getAllCustomersHandler
[INFO ] 2022-12-07 11:07:36.229 [JettyServerThreadPool-43] CustomerController - Customer{customerId=3, customerName='charlie', balance=0.0, tier=PLATNIUM} attempted to hit the getAllCustomersHandler
[INFO ] 2022-12-07 11:07:39.186 [JettyServerThreadPool-30] CustomerController - Customer{customerId=3, customerName='charlie', balance=0.0, tier=PLATNIUM} attempted to hit the getAllCustomersHandler
[INFO ] 2022-12-07 11:07:39.334 [JettyServerThreadPool-43] CustomerController - Customer{customerId=3, customerName='charlie', balance=0.0, tier=PLATNIUM} attempted to hit the getAllCustomersHandler
[INFO ] 2022-12-07 11:07:42.198 [JettyServerThreadPool-43] CustomerController - Customer{customerId=3, customerName='charlie', balance=0.0, tier=PLATNIUM} attempted to hit the getAllCustomersHandler
[INFO ] 2022-12-07 11:07:42.241 [JettyServerThreadPool-30] CustomerController - Customer{customerId=3, customerName='charlie', balance=0.0, tier=PLATNIUM} attempted to hit the getAllCustomersHandler
[INFO ] 2022-12-07 11:07:45.185 [JettyServerThreadPool-43] CustomerController - Customer{customerId=3, customerName='charlie', balance=0.0, tier=PLATNIUM} attempted to hit the getAllCustomersHandler
[INFO ] 2022-12-07 11:07:45.217 [JettyServerThreadPool-30] CustomerController - Customer{customerId=3, customerName='charlie', balance=0.0, tier=PLATNIUM} attempted to hit the getAllCustomersHandler
[INFO ] 2022-12-07 11:07:48.189 [JettyServerThreadPool-30] CustomerController - Customer{customerId=3, customerName='charlie', balance=0.0, tier=PLATNIUM} attempted to hit the getAllCustomersHandler
[INFO ] 2022-12-07 11:07:48.225 [JettyServerThreadPool-43] CustomerController - Customer{customerId=3, customerName='charlie', balance=0.0, tier=PLATNIUM} attempted to hit the getAllCustomersHandler
[INFO ] 2022-12-07 11:07:51.190 [JettyServerThreadPool-30] CustomerController - Customer{customerId=3, customerName='charlie', balance=0.0, tier=PLATNIUM} attempted to hit the getAllCustomersHandler
[INFO ] 2022-12-07 11:07:51.228 [JettyServerThreadPool-43] CustomerController - Customer{customerId=3, customerName='charlie', balance=0.0, tier=PLATNIUM} attempted to hit the getAllCustomersHandler
[INFO ] 2022-12-07 11:07:54.195 [JettyServerThreadPool-43] CustomerController - Customer{customerId=3, customerName='charlie', balance=0.0, tier=PLATNIUM} attempted to hit the getAllCustomersHandler
[INFO ] 2022-12-07 11:07:54.233 [JettyServerThreadPool-30] CustomerController - Customer{customerId=3, customerName='charlie', balance=0.0, tier=PLATNIUM} attempted to hit the getAllCustomersHandler
[INFO ] 2022-12-07 11:07:57.186 [JettyServerThreadPool-43] CustomerController - Customer{customerId=3, customerName='charlie', balance=0.0, tier=PLATNIUM} attempted to hit the getAllCustomersHandler
[INFO ] 2022-12-07 11:07:57.218 [JettyServerThreadPool-29] CustomerController - Customer{customerId=3, customerName='charlie', balance=0.0, tier=PLATNIUM} attempted to hit the getAllCustomersHandler
[INFO ] 2022-12-07 11:08:00.188 [JettyServerThreadPool-29] CustomerController - Customer{customerId=3, customerName='charlie', balance=0.0, tier=PLATNIUM} attempted to hit the getAllCustomersHandler
[INFO ] 2022-12-07 11:08:00.333 [JettyServerThreadPool-43] CustomerController - Customer{customerId=3, customerName='charlie', balance=0.0, tier=PLATNIUM} attempted to hit the getAllCustomersHandler
[INFO ] 2022-12-07 11:08:03.196 [JettyServerThreadPool-29] CustomerController - Customer{customerId=3, customerName='charlie', balance=0.0, tier=PLATNIUM} attempted to hit the getAllCustomersHandler
[INFO ] 2022-12-07 11:08:03.235 [JettyServerThreadPool-43] CustomerController - Customer{customerId=3, customerName='charlie', balance=0.0, tier=PLATNIUM} attempted to hit the getAllCustomersHandler
[INFO ] 2022-12-07 11:08:06.335 [JettyServerThreadPool-39] CustomerController - Customer{customerId=3, customerName='charlie', balance=0.0, tier=PLATNIUM} attempted to hit the getAllCustomersHandler
[INFO ] 2022-12-07 11:08:06.376 [JettyServerThreadPool-29] CustomerController - Customer{customerId=3, customerName='charlie', balance=0.0, tier=PLATNIUM} attempted to hit the getAllCustomersHandler
[INFO ] 2022-12-07 11:08:09.331 [JettyServerThreadPool-39] CustomerController - Customer{customerId=3, customerName='charlie', balance=0.0, tier=PLATNIUM} attempted to hit the getAllCustomersHandler
[INFO ] 2022-12-07 11:08:09.367 [JettyServerThreadPool-29] CustomerController - Customer{customerId=3, customerName='charlie', balance=0.0, tier=PLATNIUM} attempted to hit the getAllCustomersHandler
[INFO ] 2022-12-07 11:08:12.326 [JettyServerThreadPool-27] CustomerController - Customer{customerId=3, customerName='charlie', balance=0.0, tier=PLATNIUM} attempted to hit the getAllCustomersHandler
[INFO ] 2022-12-07 11:08:12.362 [JettyServerThreadPool-28] CustomerController - Customer{customerId=3, customerName='charlie', balance=0.0, tier=PLATNIUM} attempted to hit the getAllCustomersHandler
[INFO ] 2022-12-07 11:08:15.323 [JettyServerThreadPool-27] CustomerController - Customer{customerId=3, customerName='charlie', balance=0.0, tier=PLATNIUM} attempted to hit the getAllCustomersHandler
[INFO ] 2022-12-07 11:08:15.361 [JettyServerThreadPool-28] CustomerController - Customer{customerId=3, customerName='charlie', balance=0.0, tier=PLATNIUM} attempted to hit the getAllCustomersHandler
[INFO ] 2022-12-07 11:08:18.321 [JettyServerThreadPool-39] CustomerController - Customer{customerId=3, customerName='charlie', balance=0.0, tier=PLATNIUM} attempted to hit the getAllCustomersHandler
[INFO ] 2022-12-07 11:08:18.356 [JettyServerThreadPool-27] CustomerController - Customer{customerId=3, customerName='charlie', balance=0.0, tier=PLATNIUM} attempted to hit the getAllCustomersHandler
[INFO ] 2022-12-07 11:08:21.331 [JettyServerThreadPool-39] CustomerController - Customer{customerId=3, customerName='charlie', balance=0.0, tier=PLATNIUM} attempted to hit the getAllCustomersHandler
[INFO ] 2022-12-07 11:08:21.369 [JettyServerThreadPool-27] CustomerController - Customer{customerId=3, customerName='charlie', balance=0.0, tier=PLATNIUM} attempted to hit the getAllCustomersHandler
[INFO ] 2022-12-07 11:08:24.333 [JettyServerThreadPool-29] CustomerController - Customer{customerId=3, customerName='charlie', balance=0.0, tier=PLATNIUM} attempted to hit the getAllCustomersHandler
[INFO ] 2022-12-07 11:08:24.369 [JettyServerThreadPool-39] CustomerController - Customer{customerId=3, customerName='charlie', balance=0.0, tier=PLATNIUM} attempted to hit the getAllCustomersHandler
[INFO ] 2022-12-07 11:08:27.329 [JettyServerThreadPool-29] CustomerController - Customer{customerId=3, customerName='charlie', balance=0.0, tier=PLATNIUM} attempted to hit the getAllCustomersHandler
[INFO ] 2022-12-07 11:08:27.373 [JettyServerThreadPool-39] CustomerController - Customer{customerId=3, customerName='charlie', balance=0.0, tier=PLATNIUM} attempted to hit the getAllCustomersHandler
[INFO ] 2022-12-07 11:09:09.789 [JettyServerThreadPool-35] CustomerController - Jackson converted JSON to Java object with following info Customer{customerId=0, customerName='Reed', balance=50.45, tier=SILVER}
[DEBUG] 2022-12-07 11:09:09.789 [JettyServerThreadPool-35] CustomerService - Customer{customerId=0, customerName='Reed', balance=50.45, tier=SILVER} the information prior was sent ot the service
[INFO ] 2022-12-07 11:09:09.824 [JettyServerThreadPool-35] CustomerDAO - New customer with info Customer{customerId=0, customerName='Reed', balance=50.45, tier=SILVER} was persisted to the database
[INFO ] 2022-12-07 11:09:25.426 [JettyServerThreadPool-47] CustomerController - Jackson converted JSON to Java object with following info Customer{customerId=0, customerName='Sanchit', balance=50.45, tier=SILVER}
[DEBUG] 2022-12-07 11:09:25.427 [JettyServerThreadPool-47] CustomerService - Customer{customerId=0, customerName='Sanchit', balance=50.45, tier=SILVER} the information prior was sent ot the service
[INFO ] 2022-12-07 11:09:25.461 [JettyServerThreadPool-47] CustomerDAO - New customer with info Customer{customerId=0, customerName='Sanchit', balance=50.45, tier=SILVER} was persisted to the database
[INFO ] 2022-12-07 11:09:40.118 [JettyServerThreadPool-28] CustomerController - Jackson converted JSON to Java object with following info Customer{customerId=0, customerName='Matthew', balance=50.45, tier=GOLD}
[DEBUG] 2022-12-07 11:09:40.118 [JettyServerThreadPool-28] CustomerService - Customer{customerId=0, customerName='Matthew', balance=50.45, tier=GOLD} the information prior was sent ot the service
[INFO ] 2022-12-07 11:09:40.153 [JettyServerThreadPool-28] CustomerDAO - New customer with info Customer{customerId=0, customerName='Matthew', balance=50.45, tier=GOLD} was persisted to the database
[INFO ] 2022-12-07 11:10:19.905 [JettyServerThreadPool-25] CustomerController - Jackson converted JSON to Java object with following info Customer{customerId=0, customerName='Balake', balance=50.45, tier=PLATNIUM}
[DEBUG] 2022-12-07 11:10:19.906 [JettyServerThreadPool-25] CustomerService - Customer{customerId=0, customerName='Balake', balance=50.45, tier=PLATNIUM} the information prior was sent ot the service
[INFO ] 2022-12-07 11:10:19.938 [JettyServerThreadPool-25] CustomerDAO - New customer with info Customer{customerId=0, customerName='Balake', balance=50.45, tier=PLATNIUM} was persisted to the database
[INFO ] 2022-12-07 11:10:38.627 [JettyServerThreadPool-31] CustomerController - Jackson converted JSON to Java object with following info Customer{customerId=0, customerName='Nuru', balance=50.45, tier=PLATNIUM}
[DEBUG] 2022-12-07 11:10:38.627 [JettyServerThreadPool-31] CustomerService - Customer{customerId=0, customerName='Nuru', balance=50.45, tier=PLATNIUM} the information prior was sent ot the service
[INFO ] 2022-12-07 11:10:38.660 [JettyServerThreadPool-31] CustomerDAO - New customer with info Customer{customerId=0, customerName='Nuru', balance=50.45, tier=PLATNIUM} was persisted to the database
[INFO ] 2022-12-07 11:10:39.239 [JettyServerThreadPool-31] CustomerController - Customer{customerId=3, customerName='charlie', balance=0.0, tier=PLATNIUM} attempted to hit the getAllCustomersHandler
[INFO ] 2022-12-07 11:10:44.444 [JettyServerThreadPool-31] CustomerController - Customer{customerId=3, customerName='charlie', balance=0.0, tier=PLATNIUM} attempted to hit the getAllCustomersHandler
[INFO ] 2022-12-07 11:12:56.202 [JettyServerThreadPool-27] CustomerController - Customer{customerId=3, customerName='charlie', balance=0.0, tier=PLATNIUM} attempted to hit the getAllCustomersHandler
[INFO ] 2022-12-07 11:13:18.930 [JettyServerThreadPool-40] CustomerController - Jackson converted JSON to Java object with following info Customer{customerId=0, customerName='Ben', balance=50.45, tier=BRONZE}
[DEBUG] 2022-12-07 11:13:18.931 [JettyServerThreadPool-40] CustomerService - Customer{customerId=0, customerName='Ben', balance=50.45, tier=BRONZE} the information prior was sent ot the service
[INFO ] 2022-12-07 11:13:18.970 [JettyServerThreadPool-40] CustomerDAO - New customer with info Customer{customerId=0, customerName='Ben', balance=50.45, tier=BRONZE} was persisted to the database
[INFO ] 2022-12-07 11:13:31.408 [JettyServerThreadPool-41] CustomerController - Jackson converted JSON to Java object with following info Customer{customerId=0, customerName='Ryan', balance=50.45, tier=BRONZE}
[DEBUG] 2022-12-07 11:13:31.408 [JettyServerThreadPool-41] CustomerService - Customer{customerId=0, customerName='Ryan', balance=50.45, tier=BRONZE} the information prior was sent ot the service
[INFO ] 2022-12-07 11:13:31.551 [JettyServerThreadPool-41] CustomerDAO - New customer with info Customer{customerId=0, customerName='Ryan', balance=50.45, tier=BRONZE} was persisted to the database
[INFO ] 2022-12-07 11:13:46.423 [JettyServerThreadPool-40] CustomerController - Jackson converted JSON to Java object with following info Customer{customerId=0, customerName='Seth', balance=50.45, tier=PLATNIUM}
[DEBUG] 2022-12-07 11:13:46.423 [JettyServerThreadPool-40] CustomerService - Customer{customerId=0, customerName='Seth', balance=50.45, tier=PLATNIUM} the information prior was sent ot the service
[INFO ] 2022-12-07 11:13:46.453 [JettyServerThreadPool-40] CustomerDAO - New customer with info Customer{customerId=0, customerName='Seth', balance=50.45, tier=PLATNIUM} was persisted to the database
[INFO ] 2022-12-07 11:13:57.563 [JettyServerThreadPool-41] CustomerController - Jackson converted JSON to Java object with following info Customer{customerId=0, customerName='Francheska', balance=50.45, tier=PLATNIUM}
[DEBUG] 2022-12-07 11:13:57.563 [JettyServerThreadPool-41] CustomerService - Customer{customerId=0, customerName='Francheska', balance=50.45, tier=PLATNIUM} the information prior was sent ot the service
[INFO ] 2022-12-07 11:13:57.599 [JettyServerThreadPool-41] CustomerDAO - New customer with info Customer{customerId=0, customerName='Francheska', balance=50.45, tier=PLATNIUM} was persisted to the database
[INFO ] 2022-12-07 11:14:15.436 [JettyServerThreadPool-40] CustomerController - Jackson converted JSON to Java object with following info Customer{customerId=0, customerName='LJ', balance=50.45, tier=SILVER}
[DEBUG] 2022-12-07 11:14:15.436 [JettyServerThreadPool-40] CustomerService - Customer{customerId=0, customerName='LJ', balance=50.45, tier=SILVER} the information prior was sent ot the service
[INFO ] 2022-12-07 11:14:15.585 [JettyServerThreadPool-40] CustomerDAO - New customer with info Customer{customerId=0, customerName='LJ', balance=50.45, tier=SILVER} was persisted to the database
[INFO ] 2022-12-07 11:14:33.562 [JettyServerThreadPool-41] CustomerController - Jackson converted JSON to Java object with following info Customer{customerId=0, customerName='Kevin', balance=50.45, tier=GOLD}
[DEBUG] 2022-12-07 11:14:33.563 [JettyServerThreadPool-41] CustomerService - Customer{customerId=0, customerName='Kevin', balance=50.45, tier=GOLD} the information prior was sent ot the service
[INFO ] 2022-12-07 11:14:33.597 [JettyServerThreadPool-41] CustomerDAO - New customer with info Customer{customerId=0, customerName='Kevin', balance=50.45, tier=GOLD} was persisted to the database
[INFO ] 2022-12-07 11:14:45.492 [JettyServerThreadPool-40] CustomerController - Jackson converted JSON to Java object with following info Customer{customerId=0, customerName='harsh', balance=50.45, tier=BRONZE}
[DEBUG] 2022-12-07 11:14:45.492 [JettyServerThreadPool-40] CustomerService - Customer{customerId=0, customerName='harsh', balance=50.45, tier=BRONZE} the information prior was sent ot the service
[INFO ] 2022-12-07 11:14:45.628 [JettyServerThreadPool-40] CustomerDAO - New customer with info Customer{customerId=0, customerName='harsh', balance=50.45, tier=BRONZE} was persisted to the database
[INFO ] 2022-12-07 11:14:56.208 [JettyServerThreadPool-40] CustomerController - Customer{customerId=3, customerName='charlie', balance=0.0, tier=PLATNIUM} attempted to hit the getAllCustomersHandler
[INFO ] 2022-12-07 11:15:04.476 [JettyServerThreadPool-41] CustomerController - Jackson converted JSON to Java object with following info Customer{customerId=0, customerName='josh', balance=50.45, tier=BRONZE}
[DEBUG] 2022-12-07 11:15:04.477 [JettyServerThreadPool-41] CustomerService - Customer{customerId=0, customerName='josh', balance=50.45, tier=BRONZE} the information prior was sent ot the service
[INFO ] 2022-12-07 11:15:04.514 [JettyServerThreadPool-41] CustomerDAO - New customer with info Customer{customerId=0, customerName='josh', balance=50.45, tier=BRONZE} was persisted to the database
[INFO ] 2022-12-07 11:38:38.404 [JettyServerThreadPool-50] CustomerController - Customer{customerId=3, customerName='charlie', balance=0.0, tier=PLATNIUM} attempted to hit the getAllCustomersHandler
[INFO ] 2022-12-07 11:57:37.039 [JettyServerThreadPool-39] CustomerController - Customer{customerId=3, customerName='charlie', balance=0.0, tier=PLATNIUM} attempted to hit the getAllCustomersHandler
[INFO ] 2022-12-07 11:57:37.782 [JettyServerThreadPool-53] CustomerController - Customer{customerId=3, customerName='charlie', balance=0.0, tier=PLATNIUM} attempted to hit the getAllCustomersHandler
[INFO ] 2022-12-07 11:57:38.088 [JettyServerThreadPool-39] CustomerController - Customer{customerId=3, customerName='charlie', balance=0.0, tier=PLATNIUM} attempted to hit the getAllCustomersHandler
[INFO ] 2022-12-07 11:57:38.300 [JettyServerThreadPool-53] CustomerController - Customer{customerId=3, customerName='charlie', balance=0.0, tier=PLATNIUM} attempted to hit the getAllCustomersHandler
[INFO ] 2022-12-07 11:57:38.485 [JettyServerThreadPool-39] CustomerController - Customer{customerId=3, customerName='charlie', balance=0.0, tier=PLATNIUM} attempted to hit the getAllCustomersHandler
[INFO ] 2022-12-07 11:57:38.657 [JettyServerThreadPool-53] CustomerController - Customer{customerId=3, customerName='charlie', balance=0.0, tier=PLATNIUM} attempted to hit the getAllCustomersHandler
[INFO ] 2022-12-07 11:57:38.821 [JettyServerThreadPool-39] CustomerController - Customer{customerId=3, customerName='charlie', balance=0.0, tier=PLATNIUM} attempted to hit the getAllCustomersHandler
[INFO ] 2022-12-07 11:57:58.462 [JettyServerThreadPool-39] CustomerController - Customer{customerId=3, customerName='charlie', balance=0.0, tier=PLATNIUM} attempted to hit the getAllCustomersHandler
[INFO ] 2022-12-07 11:57:59.340 [JettyServerThreadPool-53] CustomerController - Customer{customerId=3, customerName='charlie', balance=0.0, tier=PLATNIUM} attempted to hit the getAllCustomersHandler
[INFO ] 2022-12-07 11:58:00.303 [JettyServerThreadPool-39] CustomerController - Customer{customerId=3, customerName='charlie', balance=0.0, tier=PLATNIUM} attempted to hit the getAllCustomersHandler
[INFO ] 2022-12-07 11:58:03.785 [JettyServerThreadPool-39] CustomerController - Customer{customerId=3, customerName='charlie', balance=0.0, tier=PLATNIUM} attempted to hit the getAllCustomersHandler
[INFO ] 2022-12-07 11:58:04.306 [JettyServerThreadPool-53] CustomerController - Customer{customerId=3, customerName='charlie', balance=0.0, tier=PLATNIUM} attempted to hit the getAllCustomersHandler
[INFO ] 2022-12-07 11:58:04.922 [JettyServerThreadPool-39] CustomerController - Customer{customerId=3, customerName='charlie', balance=0.0, tier=PLATNIUM} attempted to hit the getAllCustomersHandler
[INFO ] 2022-12-07 11:58:05.626 [JettyServerThreadPool-53] CustomerController - Customer{customerId=3, customerName='charlie', balance=0.0, tier=PLATNIUM} attempted to hit the getAllCustomersHandler
[INFO ] 2022-12-07 11:58:21.331 [JettyServerThreadPool-53] CustomerController - Customer{customerId=3, customerName='charlie', balance=0.0, tier=PLATNIUM} attempted to hit the getAllCustomersHandler
[INFO ] 2022-12-07 12:00:22.334 [JettyServerThreadPool-28] CustomerController - Customer{customerId=3, customerName='charlie', balance=0.0, tier=PLATNIUM} attempted to hit the getAllCustomersHandler
[INFO ] 2022-12-07 12:02:22.350 [JettyServerThreadPool-32] CustomerController - Customer{customerId=3, customerName='charlie', balance=0.0, tier=PLATNIUM} attempted to hit the getAllCustomersHandler
[INFO ] 2022-12-07 12:04:22.335 [JettyServerThreadPool-31] CustomerController - Customer{customerId=3, customerName='charlie', balance=0.0, tier=PLATNIUM} attempted to hit the getAllCustomersHandler
[INFO ] 2022-12-07 12:06:22.326 [JettyServerThreadPool-30] CustomerController - Customer{customerId=3, customerName='charlie', balance=0.0, tier=PLATNIUM} attempted to hit the getAllCustomersHandler
[INFO ] 2022-12-07 12:08:22.329 [JettyServerThreadPool-25] CustomerController - Customer{customerId=3, customerName='charlie', balance=0.0, tier=PLATNIUM} attempted to hit the getAllCustomersHandler
[INFO ] 2022-12-07 12:10:22.330 [JettyServerThreadPool-27] CustomerController - Customer{customerId=3, customerName='charlie', balance=0.0, tier=PLATNIUM} attempted to hit the getAllCustomersHandler
[INFO ] 2022-12-07 12:12:22.329 [JettyServerThreadPool-41] CustomerController - Customer{customerId=3, customerName='charlie', balance=0.0, tier=PLATNIUM} attempted to hit the getAllCustomersHandler
[INFO ] 2022-12-07 12:14:22.325 [JettyServerThreadPool-40] CustomerController - Customer{customerId=3, customerName='charlie', balance=0.0, tier=PLATNIUM} attempted to hit the getAllCustomersHandler
[INFO ] 2022-12-07 12:16:22.329 [JettyServerThreadPool-50] CustomerController - Customer{customerId=3, customerName='charlie', balance=0.0, tier=PLATNIUM} attempted to hit the getAllCustomersHandler
[INFO ] 2022-12-07 12:18:22.333 [JettyServerThreadPool-39] CustomerController - Customer{customerId=3, customerName='charlie', balance=0.0, tier=PLATNIUM} attempted to hit the getAllCustomersHandler
[INFO ] 2022-12-07 12:20:22.332 [JettyServerThreadPool-28] CustomerController - Customer{customerId=3, customerName='charlie', balance=0.0, tier=PLATNIUM} attempted to hit the getAllCustomersHandler
[INFO ] 2022-12-07 12:22:22.325 [JettyServerThreadPool-32] CustomerController - Customer{customerId=3, customerName='charlie', balance=0.0, tier=PLATNIUM} attempted to hit the getAllCustomersHandler
[INFO ] 2022-12-07 12:24:22.327 [JettyServerThreadPool-31] CustomerController - Customer{customerId=3, customerName='charlie', balance=0.0, tier=PLATNIUM} attempted to hit the getAllCustomersHandler
[INFO ] 2022-12-07 12:26:22.335 [JettyServerThreadPool-30] CustomerController - Customer{customerId=3, customerName='charlie', balance=0.0, tier=PLATNIUM} attempted to hit the getAllCustomersHandler
[INFO ] 2022-12-07 12:28:22.327 [JettyServerThreadPool-25] CustomerController - Customer{customerId=3, customerName='charlie', balance=0.0, tier=PLATNIUM} attempted to hit the getAllCustomersHandler
[INFO ] 2022-12-07 12:30:22.328 [JettyServerThreadPool-27] CustomerController - Customer{customerId=3, customerName='charlie', balance=0.0, tier=PLATNIUM} attempted to hit the getAllCustomersHandler
[INFO ] 2022-12-07 12:32:22.327 [JettyServerThreadPool-41] CustomerController - Customer{customerId=3, customerName='charlie', balance=0.0, tier=PLATNIUM} attempted to hit the getAllCustomersHandler
[INFO ] 2022-12-07 12:34:22.325 [JettyServerThreadPool-40] CustomerController - Customer{customerId=3, customerName='charlie', balance=0.0, tier=PLATNIUM} attempted to hit the getAllCustomersHandler
[INFO ] 2022-12-07 12:36:22.334 [JettyServerThreadPool-61] CustomerController - Customer{customerId=3, customerName='charlie', balance=0.0, tier=PLATNIUM} attempted to hit the getAllCustomersHandler
